2025-03-27 10:32:43.048+0000 INFO  Logging config in use: File '/var/lib/neo4j/conf/user-logs.xml'
2025-03-27 10:32:43.062+0000 INFO  Starting...
2025-03-27 10:32:43.881+0000 INFO  This instance is ServerId{d2c35ee5} (d2c35ee5-2f1c-4f61-88b2-b27ecf38167f)
2025-03-27 10:32:44.546+0000 INFO  ======== Neo4j 5.14.0 ========
2025-03-27 10:32:46.423+0000 INFO  Bolt enabled on 0.0.0.0:7687.
2025-03-27 10:32:47.005+0000 INFO  HTTP enabled on 0.0.0.0:7474.
2025-03-27 10:32:47.006+0000 INFO  Remote interface available at http://localhost:7474/
2025-03-27 10:32:47.009+0000 INFO  id: F2184C2C2E231C13E0EFFDEF5D04386A298F088A4E08DAC8A5A322CA35813501
2025-03-27 10:32:47.009+0000 INFO  name: system
2025-03-27 10:32:47.010+0000 INFO  creationDate: 2025-03-27T10:32:45.113Z
2025-03-27 10:32:47.010+0000 INFO  Started.
2025-03-27 12:49:52.018+0000 WARN  [bolt-848] The client is unauthorized due to authentication failure.
2025-03-27 13:24:55.800+0000 WARN  [bolt-765] Terminating connection due to network error
org.neo4j.bolt.protocol.error.streaming.BoltStreamingWriteException: Failed to transmit operation result: Response write failure
	at org.neo4j.bolt.protocol.common.fsm.response.NetworkResponseHandler.onSuccess(NetworkResponseHandler.java:184) ~[neo4j-bolt-5.14.0.jar:5.14.0]
	at org.neo4j.bolt.protocol.common.connector.connection.AtomicSchedulingConnection.lambda$interrupt$6(AtomicSchedulingConnection.java:462) ~[neo4j-bolt-5.14.0.jar:5.14.0]
	at org.neo4j.bolt.protocol.common.connector.connection.AtomicSchedulingConnection.executeJob(AtomicSchedulingConnection.java:336) ~[neo4j-bolt-5.14.0.jar:5.14.0]
	at org.neo4j.bolt.protocol.common.connector.connection.AtomicSchedulingConnection.doExecuteJobs(AtomicSchedulingConnection.java:315) ~[neo4j-bolt-5.14.0.jar:5.14.0]
	at org.neo4j.bolt.protocol.common.connector.connection.AtomicSchedulingConnection.executeJobs(AtomicSchedulingConnection.java:221) ~[neo4j-bolt-5.14.0.jar:5.14.0]
	at java.util.concurrent.Executors$RunnableAdapter.call(Executors.java:539) [?:?]
	at java.util.concurrent.FutureTask.run(FutureTask.java:264) [?:?]
	at java.util.concurrent.ThreadPoolExecutor.runWorker(ThreadPoolExecutor.java:1136) [?:?]
	at java.util.concurrent.ThreadPoolExecutor$Worker.run(ThreadPoolExecutor.java:635) [?:?]
	at java.lang.Thread.run(Thread.java:840) [?:?]
Caused by: io.netty.channel.StacklessClosedChannelException
	at io.netty.channel.AbstractChannel$AbstractUnsafe.write(Object, ChannelPromise)(Unknown Source) ~[netty-transport-4.1.100.Final.jar:4.1.100.Final]
2025-03-27 13:24:55.800+0000 WARN  [bolt-766] Terminating connection due to network error
org.neo4j.bolt.protocol.error.streaming.BoltStreamingWriteException: Failed to transmit operation result: Response write failure
	at org.neo4j.bolt.protocol.common.fsm.response.NetworkResponseHandler.onSuccess(NetworkResponseHandler.java:184) ~[neo4j-bolt-5.14.0.jar:5.14.0]
	at org.neo4j.bolt.protocol.common.connector.connection.AtomicSchedulingConnection.lambda$interrupt$6(AtomicSchedulingConnection.java:462) ~[neo4j-bolt-5.14.0.jar:5.14.0]
	at org.neo4j.bolt.protocol.common.connector.connection.AtomicSchedulingConnection.executeJob(AtomicSchedulingConnection.java:336) ~[neo4j-bolt-5.14.0.jar:5.14.0]
	at org.neo4j.bolt.protocol.common.connector.connection.AtomicSchedulingConnection.doExecuteJobs(AtomicSchedulingConnection.java:315) ~[neo4j-bolt-5.14.0.jar:5.14.0]
	at org.neo4j.bolt.protocol.common.connector.connection.AtomicSchedulingConnection.executeJobs(AtomicSchedulingConnection.java:221) ~[neo4j-bolt-5.14.0.jar:5.14.0]
	at java.util.concurrent.Executors$RunnableAdapter.call(Executors.java:539) [?:?]
	at java.util.concurrent.FutureTask.run(FutureTask.java:264) [?:?]
	at java.util.concurrent.ThreadPoolExecutor.runWorker(ThreadPoolExecutor.java:1136) [?:?]
	at java.util.concurrent.ThreadPoolExecutor$Worker.run(ThreadPoolExecutor.java:635) [?:?]
	at java.lang.Thread.run(Thread.java:840) [?:?]
Caused by: io.netty.channel.StacklessClosedChannelException
	at io.netty.channel.AbstractChannel$AbstractUnsafe.write(Object, ChannelPromise)(Unknown Source) ~[netty-transport-4.1.100.Final.jar:4.1.100.Final]
2025-03-27 13:30:39.208+0000 WARN  [bolt-1099] Terminating connection due to network error
org.neo4j.bolt.protocol.error.streaming.BoltStreamingWriteException: Failed to transmit operation result: Response write failure
	at org.neo4j.bolt.protocol.common.fsm.response.NetworkResponseHandler.onSuccess(NetworkResponseHandler.java:184) ~[neo4j-bolt-5.14.0.jar:5.14.0]
	at org.neo4j.bolt.protocol.common.connector.connection.AtomicSchedulingConnection.lambda$interrupt$6(AtomicSchedulingConnection.java:462) ~[neo4j-bolt-5.14.0.jar:5.14.0]
	at org.neo4j.bolt.protocol.common.connector.connection.AtomicSchedulingConnection.executeJob(AtomicSchedulingConnection.java:336) ~[neo4j-bolt-5.14.0.jar:5.14.0]
	at org.neo4j.bolt.protocol.common.connector.connection.AtomicSchedulingConnection.doExecuteJobs(AtomicSchedulingConnection.java:315) ~[neo4j-bolt-5.14.0.jar:5.14.0]
	at org.neo4j.bolt.protocol.common.connector.connection.AtomicSchedulingConnection.executeJobs(AtomicSchedulingConnection.java:221) ~[neo4j-bolt-5.14.0.jar:5.14.0]
	at java.util.concurrent.Executors$RunnableAdapter.call(Executors.java:539) [?:?]
	at java.util.concurrent.FutureTask.run(FutureTask.java:264) [?:?]
	at java.util.concurrent.ThreadPoolExecutor.runWorker(ThreadPoolExecutor.java:1136) [?:?]
	at java.util.concurrent.ThreadPoolExecutor$Worker.run(ThreadPoolExecutor.java:635) [?:?]
	at java.lang.Thread.run(Thread.java:840) [?:?]
Caused by: io.netty.channel.StacklessClosedChannelException
	at io.netty.channel.AbstractChannel$AbstractUnsafe.write(Object, ChannelPromise)(Unknown Source) ~[netty-transport-4.1.100.Final.jar:4.1.100.Final]
2025-03-27 13:38:44.502+0000 WARN  [bolt-1150] Terminating connection due to network error
org.neo4j.bolt.protocol.error.streaming.BoltStreamingWriteException: Failed to transmit operation result: Response write failure
	at org.neo4j.bolt.protocol.common.fsm.response.NetworkResponseHandler.onSuccess(NetworkResponseHandler.java:184) ~[neo4j-bolt-5.14.0.jar:5.14.0]
	at org.neo4j.bolt.protocol.common.connector.connection.AtomicSchedulingConnection.lambda$interrupt$6(AtomicSchedulingConnection.java:462) ~[neo4j-bolt-5.14.0.jar:5.14.0]
	at org.neo4j.bolt.protocol.common.connector.connection.AtomicSchedulingConnection.executeJob(AtomicSchedulingConnection.java:336) ~[neo4j-bolt-5.14.0.jar:5.14.0]
	at org.neo4j.bolt.protocol.common.connector.connection.AtomicSchedulingConnection.doExecuteJobs(AtomicSchedulingConnection.java:315) ~[neo4j-bolt-5.14.0.jar:5.14.0]
	at org.neo4j.bolt.protocol.common.connector.connection.AtomicSchedulingConnection.executeJobs(AtomicSchedulingConnection.java:221) ~[neo4j-bolt-5.14.0.jar:5.14.0]
	at java.util.concurrent.Executors$RunnableAdapter.call(Executors.java:539) [?:?]
	at java.util.concurrent.FutureTask.run(FutureTask.java:264) [?:?]
	at java.util.concurrent.ThreadPoolExecutor.runWorker(ThreadPoolExecutor.java:1136) [?:?]
	at java.util.concurrent.ThreadPoolExecutor$Worker.run(ThreadPoolExecutor.java:635) [?:?]
	at java.lang.Thread.run(Thread.java:840) [?:?]
Caused by: io.netty.channel.StacklessClosedChannelException
	at io.netty.channel.AbstractChannel$AbstractUnsafe.write(Object, ChannelPromise)(Unknown Source) ~[netty-transport-4.1.100.Final.jar:4.1.100.Final]
2025-03-27 13:38:44.511+0000 WARN  [bolt-1148] Terminating connection due to network error
org.neo4j.bolt.protocol.error.streaming.BoltStreamingWriteException: Failed to transmit operation result: Response write failure
	at org.neo4j.bolt.protocol.common.fsm.response.NetworkResponseHandler.onSuccess(NetworkResponseHandler.java:184) ~[neo4j-bolt-5.14.0.jar:5.14.0]
	at org.neo4j.bolt.protocol.common.connector.connection.AtomicSchedulingConnection.lambda$interrupt$6(AtomicSchedulingConnection.java:462) ~[neo4j-bolt-5.14.0.jar:5.14.0]
	at org.neo4j.bolt.protocol.common.connector.connection.AtomicSchedulingConnection.executeJob(AtomicSchedulingConnection.java:336) ~[neo4j-bolt-5.14.0.jar:5.14.0]
	at org.neo4j.bolt.protocol.common.connector.connection.AtomicSchedulingConnection.doExecuteJobs(AtomicSchedulingConnection.java:315) ~[neo4j-bolt-5.14.0.jar:5.14.0]
	at org.neo4j.bolt.protocol.common.connector.connection.AtomicSchedulingConnection.executeJobs(AtomicSchedulingConnection.java:221) ~[neo4j-bolt-5.14.0.jar:5.14.0]
	at java.util.concurrent.Executors$RunnableAdapter.call(Executors.java:539) [?:?]
	at java.util.concurrent.FutureTask.run(FutureTask.java:264) [?:?]
	at java.util.concurrent.ThreadPoolExecutor.runWorker(ThreadPoolExecutor.java:1136) [?:?]
	at java.util.concurrent.ThreadPoolExecutor$Worker.run(ThreadPoolExecutor.java:635) [?:?]
	at java.lang.Thread.run(Thread.java:840) [?:?]
Caused by: io.netty.channel.StacklessClosedChannelException
	at io.netty.channel.AbstractChannel$AbstractUnsafe.write(Object, ChannelPromise)(Unknown Source) ~[netty-transport-4.1.100.Final.jar:4.1.100.Final]
2025-03-27 13:38:44.510+0000 WARN  [bolt-1151] Terminating connection due to network error
org.neo4j.bolt.protocol.error.streaming.BoltStreamingWriteException: Failed to transmit operation result: Response write failure
	at org.neo4j.bolt.protocol.common.fsm.response.NetworkResponseHandler.onSuccess(NetworkResponseHandler.java:184) ~[neo4j-bolt-5.14.0.jar:5.14.0]
	at org.neo4j.bolt.protocol.common.connector.connection.AtomicSchedulingConnection.lambda$interrupt$6(AtomicSchedulingConnection.java:462) ~[neo4j-bolt-5.14.0.jar:5.14.0]
	at org.neo4j.bolt.protocol.common.connector.connection.AtomicSchedulingConnection.executeJob(AtomicSchedulingConnection.java:336) ~[neo4j-bolt-5.14.0.jar:5.14.0]
	at org.neo4j.bolt.protocol.common.connector.connection.AtomicSchedulingConnection.doExecuteJobs(AtomicSchedulingConnection.java:315) ~[neo4j-bolt-5.14.0.jar:5.14.0]
	at org.neo4j.bolt.protocol.common.connector.connection.AtomicSchedulingConnection.executeJobs(AtomicSchedulingConnection.java:221) ~[neo4j-bolt-5.14.0.jar:5.14.0]
	at java.util.concurrent.Executors$RunnableAdapter.call(Executors.java:539) [?:?]
	at java.util.concurrent.FutureTask.run(FutureTask.java:264) [?:?]
	at java.util.concurrent.ThreadPoolExecutor.runWorker(ThreadPoolExecutor.java:1136) [?:?]
	at java.util.concurrent.ThreadPoolExecutor$Worker.run(ThreadPoolExecutor.java:635) [?:?]
	at java.lang.Thread.run(Thread.java:840) [?:?]
Caused by: io.netty.channel.StacklessClosedChannelException
	at io.netty.channel.AbstractChannel$AbstractUnsafe.write(Object, ChannelPromise)(Unknown Source) ~[netty-transport-4.1.100.Final.jar:4.1.100.Final]
2025-03-27 13:38:44.502+0000 WARN  [bolt-1149] Terminating connection due to network error
org.neo4j.bolt.protocol.error.streaming.BoltStreamingWriteException: Failed to transmit operation result: Response write failure
	at org.neo4j.bolt.protocol.common.fsm.response.NetworkResponseHandler.onSuccess(NetworkResponseHandler.java:184) ~[neo4j-bolt-5.14.0.jar:5.14.0]
	at org.neo4j.bolt.protocol.common.connector.connection.AtomicSchedulingConnection.lambda$interrupt$6(AtomicSchedulingConnection.java:462) ~[neo4j-bolt-5.14.0.jar:5.14.0]
	at org.neo4j.bolt.protocol.common.connector.connection.AtomicSchedulingConnection.executeJob(AtomicSchedulingConnection.java:336) ~[neo4j-bolt-5.14.0.jar:5.14.0]
	at org.neo4j.bolt.protocol.common.connector.connection.AtomicSchedulingConnection.doExecuteJobs(AtomicSchedulingConnection.java:315) ~[neo4j-bolt-5.14.0.jar:5.14.0]
	at org.neo4j.bolt.protocol.common.connector.connection.AtomicSchedulingConnection.executeJobs(AtomicSchedulingConnection.java:221) ~[neo4j-bolt-5.14.0.jar:5.14.0]
	at java.util.concurrent.Executors$RunnableAdapter.call(Executors.java:539) [?:?]
	at java.util.concurrent.FutureTask.run(FutureTask.java:264) [?:?]
	at java.util.concurrent.ThreadPoolExecutor.runWorker(ThreadPoolExecutor.java:1136) [?:?]
	at java.util.concurrent.ThreadPoolExecutor$Worker.run(ThreadPoolExecutor.java:635) [?:?]
	at java.lang.Thread.run(Thread.java:840) [?:?]
Caused by: io.netty.channel.StacklessClosedChannelException
	at io.netty.channel.AbstractChannel$AbstractUnsafe.write(Object, ChannelPromise)(Unknown Source) ~[netty-transport-4.1.100.Final.jar:4.1.100.Final]
2025-03-27 13:38:44.509+0000 WARN  [bolt-1161] Terminating connection due to network error
org.neo4j.bolt.protocol.error.streaming.BoltStreamingWriteException: Failed to transmit operation result: Response write failure
	at org.neo4j.bolt.protocol.common.fsm.response.NetworkResponseHandler.onSuccess(NetworkResponseHandler.java:184) ~[neo4j-bolt-5.14.0.jar:5.14.0]
	at org.neo4j.bolt.protocol.common.connector.connection.AtomicSchedulingConnection.lambda$interrupt$6(AtomicSchedulingConnection.java:462) ~[neo4j-bolt-5.14.0.jar:5.14.0]
	at org.neo4j.bolt.protocol.common.connector.connection.AtomicSchedulingConnection.executeJob(AtomicSchedulingConnection.java:336) ~[neo4j-bolt-5.14.0.jar:5.14.0]
	at org.neo4j.bolt.protocol.common.connector.connection.AtomicSchedulingConnection.doExecuteJobs(AtomicSchedulingConnection.java:315) ~[neo4j-bolt-5.14.0.jar:5.14.0]
	at org.neo4j.bolt.protocol.common.connector.connection.AtomicSchedulingConnection.executeJobs(AtomicSchedulingConnection.java:221) ~[neo4j-bolt-5.14.0.jar:5.14.0]
	at java.util.concurrent.Executors$RunnableAdapter.call(Executors.java:539) [?:?]
	at java.util.concurrent.FutureTask.run(FutureTask.java:264) [?:?]
	at java.util.concurrent.ThreadPoolExecutor.runWorker(ThreadPoolExecutor.java:1136) [?:?]
	at java.util.concurrent.ThreadPoolExecutor$Worker.run(ThreadPoolExecutor.java:635) [?:?]
	at java.lang.Thread.run(Thread.java:840) [?:?]
Caused by: io.netty.channel.StacklessClosedChannelException
	at io.netty.channel.AbstractChannel$AbstractUnsafe.write(Object, ChannelPromise)(Unknown Source) ~[netty-transport-4.1.100.Final.jar:4.1.100.Final]
2025-04-08 11:30:52.549+0000 INFO  Logging config in use: File '/var/lib/neo4j/conf/user-logs.xml'
2025-04-08 11:30:52.610+0000 INFO  Starting...
2025-04-08 11:30:53.941+0000 INFO  This instance is ServerId{d2c35ee5} (d2c35ee5-2f1c-4f61-88b2-b27ecf38167f)
2025-04-08 11:30:55.485+0000 INFO  ======== Neo4j 5.14.0 ========
2025-04-08 11:30:58.990+0000 INFO  Bolt enabled on 0.0.0.0:7687.
2025-04-08 11:30:59.672+0000 INFO  HTTP enabled on 0.0.0.0:7474.
2025-04-08 11:30:59.673+0000 INFO  Remote interface available at http://localhost:7474/
2025-04-08 11:30:59.675+0000 INFO  id: F2184C2C2E231C13E0EFFDEF5D04386A298F088A4E08DAC8A5A322CA35813501
2025-04-08 11:30:59.676+0000 INFO  name: system
2025-04-08 11:30:59.676+0000 INFO  creationDate: 2025-03-27T10:32:45.113Z
2025-04-08 11:30:59.676+0000 INFO  Started.
2025-04-08 12:38:39.373+0000 INFO  Neo4j Server shutdown initiated by request
2025-04-08 12:38:39.375+0000 INFO  Stopping...
2025-04-08 12:38:44.489+0000 INFO  Stopped.
